{"C:\\Users\\linkc\\Downloads\\ARSW\\PROYECTO\\LandingPage\\src\\App.js": {"path":"C:\\Users\\linkc\\Downloads\\ARSW\\PROYECTO\\LandingPage\\src\\App.js","statementMap":{"0":{"start":{"line":9,"column":2},"end":{"line":21,"column":4}}},"fnMap":{"0":{"name":"App","decl":{"start":{"line":8,"column":9},"end":{"line":8,"column":12}},"loc":{"start":{"line":8,"column":15},"end":{"line":22,"column":1}},"line":8}},"branchMap":{},"s":{"0":2},"f":{"0":2},"b":{},"_coverageSchema":"1a1c01bbd47fc00a2c39e90264f33305004495a9","hash":"10cee08cbb4aea86f9109e89c55b9c126b96c2d6"}
,"C:\\Users\\linkc\\Downloads\\ARSW\\PROYECTO\\LandingPage\\src\\authConfig.js": {"path":"C:\\Users\\linkc\\Downloads\\ARSW\\PROYECTO\\LandingPage\\src\\authConfig.js","statementMap":{"0":{"start":{"line":3,"column":26},"end":{"line":36,"column":1}},"1":{"start":{"line":16,"column":16},"end":{"line":16,"column":40}},"2":{"start":{"line":16,"column":33},"end":{"line":16,"column":40}},"3":{"start":{"line":17,"column":16},"end":{"line":32,"column":17}},"4":{"start":{"line":19,"column":24},"end":{"line":19,"column":47}},"5":{"start":{"line":20,"column":24},"end":{"line":20,"column":30}},"6":{"start":{"line":22,"column":24},"end":{"line":22,"column":46}},"7":{"start":{"line":23,"column":24},"end":{"line":23,"column":30}},"8":{"start":{"line":25,"column":24},"end":{"line":25,"column":47}},"9":{"start":{"line":26,"column":24},"end":{"line":26,"column":30}},"10":{"start":{"line":28,"column":24},"end":{"line":28,"column":46}},"11":{"start":{"line":29,"column":24},"end":{"line":29,"column":30}},"12":{"start":{"line":31,"column":24},"end":{"line":31,"column":30}},"13":{"start":{"line":38,"column":28},"end":{"line":40,"column":1}}},"fnMap":{"0":{"name":"(anonymous_0)","decl":{"start":{"line":15,"column":28},"end":{"line":15,"column":29}},"loc":{"start":{"line":15,"column":61},"end":{"line":33,"column":13}},"line":15}},"branchMap":{"0":{"loc":{"start":{"line":16,"column":16},"end":{"line":16,"column":40}},"type":"if","locations":[{"start":{"line":16,"column":16},"end":{"line":16,"column":40}},{"start":{},"end":{}}],"line":16},"1":{"loc":{"start":{"line":17,"column":16},"end":{"line":32,"column":17}},"type":"switch","locations":[{"start":{"line":18,"column":20},"end":{"line":20,"column":30}},{"start":{"line":21,"column":20},"end":{"line":23,"column":30}},{"start":{"line":24,"column":20},"end":{"line":26,"column":30}},{"start":{"line":27,"column":20},"end":{"line":29,"column":30}},{"start":{"line":30,"column":20},"end":{"line":31,"column":30}}],"line":17}},"s":{"0":5,"1":0,"2":0,"3":0,"4":0,"5":0,"6":0,"7":0,"8":0,"9":0,"10":0,"11":0,"12":0,"13":5},"f":{"0":0},"b":{"0":[0,0],"1":[0,0,0,0,0]},"_coverageSchema":"1a1c01bbd47fc00a2c39e90264f33305004495a9","hash":"fcb1a73cef947b68dc9b88801c578ed9537edbae"}
,"C:\\Users\\linkc\\Downloads\\ARSW\\PROYECTO\\LandingPage\\src\\components\\Lobby.js": {"path":"C:\\Users\\linkc\\Downloads\\ARSW\\PROYECTO\\LandingPage\\src\\components\\Lobby.js","statementMap":{"0":{"start":{"line":4,"column":14},"end":{"line":10,"column":1}},"1":{"start":{"line":5,"column":2},"end":{"line":9,"column":4}}},"fnMap":{"0":{"name":"(anonymous_0)","decl":{"start":{"line":4,"column":14},"end":{"line":4,"column":15}},"loc":{"start":{"line":4,"column":20},"end":{"line":10,"column":1}},"line":4}},"branchMap":{},"s":{"0":2,"1":1},"f":{"0":1},"b":{},"_coverageSchema":"1a1c01bbd47fc00a2c39e90264f33305004495a9","hash":"06bae415f87a0a731dcb703c858d1a17bc2e88a9"}
,"C:\\Users\\linkc\\Downloads\\ARSW\\PROYECTO\\LandingPage\\src\\components\\Modal.jsx": {"path":"C:\\Users\\linkc\\Downloads\\ARSW\\PROYECTO\\LandingPage\\src\\components\\Modal.jsx","statementMap":{"0":{"start":{"line":6,"column":14},"end":{"line":29,"column":1}},"1":{"start":{"line":7,"column":2},"end":{"line":12,"column":15}},"2":{"start":{"line":8,"column":4},"end":{"line":8,"column":62}},"3":{"start":{"line":9,"column":4},"end":{"line":11,"column":6}},"4":{"start":{"line":10,"column":6},"end":{"line":10,"column":44}},"5":{"start":{"line":14,"column":2},"end":{"line":14,"column":27}},"6":{"start":{"line":14,"column":15},"end":{"line":14,"column":27}},"7":{"start":{"line":16,"column":2},"end":{"line":28,"column":4}},"8":{"start":{"line":31,"column":0},"end":{"line":36,"column":2}},"9":{"start":{"line":38,"column":18},"end":{"line":46,"column":1}},"10":{"start":{"line":39,"column":2},"end":{"line":45,"column":4}},"11":{"start":{"line":48,"column":0},"end":{"line":51,"column":2}}},"fnMap":{"0":{"name":"(anonymous_0)","decl":{"start":{"line":6,"column":14},"end":{"line":6,"column":15}},"loc":{"start":{"line":6,"column":56},"end":{"line":29,"column":1}},"line":6},"1":{"name":"(anonymous_1)","decl":{"start":{"line":7,"column":12},"end":{"line":7,"column":13}},"loc":{"start":{"line":7,"column":18},"end":{"line":12,"column":3}},"line":7},"2":{"name":"(anonymous_2)","decl":{"start":{"line":9,"column":11},"end":{"line":9,"column":12}},"loc":{"start":{"line":9,"column":17},"end":{"line":11,"column":5}},"line":9},"3":{"name":"(anonymous_3)","decl":{"start":{"line":38,"column":18},"end":{"line":38,"column":19}},"loc":{"start":{"line":39,"column":2},"end":{"line":45,"column":4}},"line":39}},"branchMap":{"0":{"loc":{"start":{"line":8,"column":35},"end":{"line":8,"column":61}},"type":"cond-expr","locations":[{"start":{"line":8,"column":44},"end":{"line":8,"column":52}},{"start":{"line":8,"column":55},"end":{"line":8,"column":61}}],"line":8},"1":{"loc":{"start":{"line":14,"column":2},"end":{"line":14,"column":27}},"type":"if","locations":[{"start":{"line":14,"column":2},"end":{"line":14,"column":27}},{"start":{},"end":{}}],"line":14}},"s":{"0":5,"1":9,"2":9,"3":9,"4":9,"5":9,"6":8,"7":1,"8":5,"9":5,"10":1,"11":5},"f":{"0":9,"1":9,"2":9,"3":1},"b":{"0":[1,8],"1":[8,1]},"_coverageSchema":"1a1c01bbd47fc00a2c39e90264f33305004495a9","hash":"d4c39cad564218e0d753e930ad01858d498efd95"}
,"C:\\Users\\linkc\\Downloads\\ARSW\\PROYECTO\\LandingPage\\src\\components\\ProtectedRoute.jsx": {"path":"C:\\Users\\linkc\\Downloads\\ARSW\\PROYECTO\\LandingPage\\src\\components\\ProtectedRoute.jsx","statementMap":{"0":{"start":{"line":7,"column":23},"end":{"line":13,"column":1}},"1":{"start":{"line":8,"column":26},"end":{"line":8,"column":46}},"2":{"start":{"line":9,"column":2},"end":{"line":11,"column":3}},"3":{"start":{"line":10,"column":4},"end":{"line":10,"column":39}},"4":{"start":{"line":12,"column":2},"end":{"line":12,"column":18}},"5":{"start":{"line":15,"column":0},"end":{"line":17,"column":2}}},"fnMap":{"0":{"name":"(anonymous_0)","decl":{"start":{"line":7,"column":23},"end":{"line":7,"column":24}},"loc":{"start":{"line":7,"column":41},"end":{"line":13,"column":1}},"line":7}},"branchMap":{"0":{"loc":{"start":{"line":9,"column":2},"end":{"line":11,"column":3}},"type":"if","locations":[{"start":{"line":9,"column":2},"end":{"line":11,"column":3}},{"start":{},"end":{}}],"line":9}},"s":{"0":2,"1":1,"2":1,"3":0,"4":1,"5":2},"f":{"0":1},"b":{"0":[0,1]},"_coverageSchema":"1a1c01bbd47fc00a2c39e90264f33305004495a9","hash":"9d0f301b73fea537678fe65a4b63cbe1bf6b40ff"}
,"C:\\Users\\linkc\\Downloads\\ARSW\\PROYECTO\\LandingPage\\src\\components\\LandingPage\\Landing.js": {"path":"C:\\Users\\linkc\\Downloads\\ARSW\\PROYECTO\\LandingPage\\src\\components\\LandingPage\\Landing.js","statementMap":{},"fnMap":{},"branchMap":{},"s":{},"f":{},"b":{},"_coverageSchema":"1a1c01bbd47fc00a2c39e90264f33305004495a9","hash":"55160780161486ad45d64342ceba08c481eebccf"}
,"C:\\Users\\linkc\\Downloads\\ARSW\\PROYECTO\\LandingPage\\src\\components\\LandingPage\\Landing.jsx": {"path":"C:\\Users\\linkc\\Downloads\\ARSW\\PROYECTO\\LandingPage\\src\\components\\LandingPage\\Landing.jsx","statementMap":{"0":{"start":{"line":10,"column":16},"end":{"line":59,"column":1}},"1":{"start":{"line":11,"column":42},"end":{"line":11,"column":57}},"2":{"start":{"line":12,"column":25},"end":{"line":12,"column":34}},"3":{"start":{"line":13,"column":21},"end":{"line":13,"column":34}},"4":{"start":{"line":15,"column":28},"end":{"line":15,"column":54}},"5":{"start":{"line":15,"column":34},"end":{"line":15,"column":54}},"6":{"start":{"line":16,"column":29},"end":{"line":16,"column":56}},"7":{"start":{"line":16,"column":35},"end":{"line":16,"column":56}},"8":{"start":{"line":18,"column":24},"end":{"line":36,"column":5}},"9":{"start":{"line":19,"column":8},"end":{"line":19,"column":50}},"10":{"start":{"line":20,"column":8},"end":{"line":23,"column":9}},"11":{"start":{"line":21,"column":12},"end":{"line":21,"column":63}},"12":{"start":{"line":22,"column":12},"end":{"line":22,"column":19}},"13":{"start":{"line":24,"column":8},"end":{"line":35,"column":9}},"14":{"start":{"line":25,"column":12},"end":{"line":25,"column":54}},"15":{"start":{"line":26,"column":29},"end":{"line":26,"column":68}},"16":{"start":{"line":27,"column":12},"end":{"line":32,"column":13}},"17":{"start":{"line":28,"column":16},"end":{"line":28,"column":70}},"18":{"start":{"line":29,"column":16},"end":{"line":29,"column":35}},"19":{"start":{"line":31,"column":16},"end":{"line":31,"column":75}},"20":{"start":{"line":34,"column":12},"end":{"line":34,"column":63}},"21":{"start":{"line":38,"column":4},"end":{"line":58,"column":6}}},"fnMap":{"0":{"name":"(anonymous_0)","decl":{"start":{"line":10,"column":16},"end":{"line":10,"column":17}},"loc":{"start":{"line":10,"column":22},"end":{"line":59,"column":1}},"line":10},"1":{"name":"(anonymous_1)","decl":{"start":{"line":15,"column":28},"end":{"line":15,"column":29}},"loc":{"start":{"line":15,"column":34},"end":{"line":15,"column":54}},"line":15},"2":{"name":"(anonymous_2)","decl":{"start":{"line":16,"column":29},"end":{"line":16,"column":30}},"loc":{"start":{"line":16,"column":35},"end":{"line":16,"column":56}},"line":16},"3":{"name":"(anonymous_3)","decl":{"start":{"line":18,"column":24},"end":{"line":18,"column":25}},"loc":{"start":{"line":18,"column":36},"end":{"line":36,"column":5}},"line":18}},"branchMap":{"0":{"loc":{"start":{"line":20,"column":8},"end":{"line":23,"column":9}},"type":"if","locations":[{"start":{"line":20,"column":8},"end":{"line":23,"column":9}},{"start":{},"end":{}}],"line":20},"1":{"loc":{"start":{"line":27,"column":12},"end":{"line":32,"column":13}},"type":"if","locations":[{"start":{"line":27,"column":12},"end":{"line":32,"column":13}},{"start":{"line":30,"column":19},"end":{"line":32,"column":13}}],"line":27}},"s":{"0":4,"1":8,"2":8,"3":8,"4":8,"5":1,"6":8,"7":0,"8":8,"9":4,"10":4,"11":1,"12":1,"13":3,"14":3,"15":3,"16":2,"17":1,"18":1,"19":1,"20":1,"21":8},"f":{"0":8,"1":1,"2":0,"3":4},"b":{"0":[1,3],"1":[1,1]},"_coverageSchema":"1a1c01bbd47fc00a2c39e90264f33305004495a9","hash":"f6939ed42c7ea9d7e9f124b9f04745f645fa584c"}
}
