TN:
SF:src\App.js
FN:8,App
FNF:1
FNH:1
FNDA:2,App
DA:9,2
LF:1
LH:1
BRF:0
BRH:0
end_of_record
TN:
SF:src\authConfig.js
FN:15,(anonymous_0)
FNF:1
FNH:1
FNDA:6,(anonymous_0)
DA:3,5
DA:16,6
DA:17,5
DA:19,1
DA:20,1
DA:22,1
DA:23,1
DA:25,1
DA:26,1
DA:28,1
DA:29,1
DA:31,1
DA:38,5
LF:13
LH:13
BRDA:16,0,0,1
BRDA:16,0,1,5
BRDA:17,1,0,1
BRDA:17,1,1,1
BRDA:17,1,2,1
BRDA:17,1,3,1
BRDA:17,1,4,1
BRF:7
BRH:7
end_of_record
TN:
SF:src\components\Modal.jsx
FN:6,(anonymous_0)
FN:7,(anonymous_1)
FN:9,(anonymous_2)
FN:38,(anonymous_3)
FNF:4
FNH:4
FNDA:9,(anonymous_0)
FNDA:9,(anonymous_1)
FNDA:9,(anonymous_2)
FNDA:1,(anonymous_3)
DA:6,5
DA:7,9
DA:8,9
DA:9,9
DA:10,9
DA:14,9
DA:16,1
DA:31,5
DA:38,5
DA:39,1
DA:48,5
LF:11
LH:11
BRDA:8,0,0,1
BRDA:8,0,1,8
BRDA:14,1,0,8
BRDA:14,1,1,1
BRF:4
BRH:4
end_of_record
TN:
SF:src\components\ProtectedRoute.jsx
FN:7,(anonymous_0)
FNF:1
FNH:1
FNDA:1,(anonymous_0)
DA:7,2
DA:8,1
DA:9,1
DA:10,0
DA:12,1
DA:15,2
LF:6
LH:5
BRDA:9,0,0,0
BRDA:9,0,1,1
BRF:2
BRH:1
end_of_record
TN:
SF:src\components\LandingPage\Landing.js
FNF:0
FNH:0
LF:0
LH:0
BRF:0
BRH:0
end_of_record
TN:
SF:src\components\LandingPage\Landing.jsx
FN:11,(anonymous_0)
FN:16,(anonymous_1)
FN:17,(anonymous_2)
FN:19,(anonymous_3)
FNF:4
FNH:3
FNDA:8,(anonymous_0)
FNDA:1,(anonymous_1)
FNDA:0,(anonymous_2)
FNDA:4,(anonymous_3)
DA:11,4
DA:12,8
DA:13,8
DA:14,8
DA:16,8
DA:17,8
DA:19,8
DA:20,4
DA:21,4
DA:22,1
DA:23,1
DA:25,3
DA:26,3
DA:27,3
DA:28,2
DA:29,1
DA:30,1
DA:32,1
DA:35,1
DA:39,8
LF:20
LH:20
BRDA:21,0,0,1
BRDA:21,0,1,3
BRDA:28,1,0,1
BRDA:28,1,1,1
BRF:4
BRH:4
end_of_record
TN:
SF:src\components\Lobby\Lobby.js
FNF:0
FNH:0
LF:0
LH:0
BRF:0
BRH:0
end_of_record
TN:
SF:src\components\Lobby\Lobby.jsx
FN:7,(anonymous_0)
FN:22,(anonymous_1)
FN:29,(anonymous_2)
FN:35,(anonymous_3)
FN:36,(anonymous_4)
FN:41,(anonymous_5)
FN:45,(anonymous_6)
FN:79,(anonymous_7)
FN:97,(anonymous_8)
FN:117,(anonymous_9)
FN:128,(anonymous_10)
FN:132,(anonymous_11)
FN:133,(anonymous_12)
FN:168,(anonymous_13)
FN:182,(anonymous_14)
FN:190,(anonymous_15)
FN:197,(anonymous_16)
FN:209,(anonymous_17)
FN:219,(anonymous_18)
FN:237,(anonymous_19)
FN:251,(anonymous_20)
FN:262,(anonymous_21)
FNF:22
FNH:0
FNDA:0,(anonymous_0)
FNDA:0,(anonymous_1)
FNDA:0,(anonymous_2)
FNDA:0,(anonymous_3)
FNDA:0,(anonymous_4)
FNDA:0,(anonymous_5)
FNDA:0,(anonymous_6)
FNDA:0,(anonymous_7)
FNDA:0,(anonymous_8)
FNDA:0,(anonymous_9)
FNDA:0,(anonymous_10)
FNDA:0,(anonymous_11)
FNDA:0,(anonymous_12)
FNDA:0,(anonymous_13)
FNDA:0,(anonymous_14)
FNDA:0,(anonymous_15)
FNDA:0,(anonymous_16)
FNDA:0,(anonymous_17)
FNDA:0,(anonymous_18)
FNDA:0,(anonymous_19)
FNDA:0,(anonymous_20)
FNDA:0,(anonymous_21)
DA:7,1
DA:8,0
DA:9,0
DA:10,0
DA:11,0
DA:12,0
DA:13,0
DA:14,0
DA:15,0
DA:16,0
DA:17,0
DA:19,0
DA:22,0
DA:23,0
DA:24,0
DA:30,0
DA:35,0
DA:37,0
DA:38,0
DA:42,0
DA:46,0
DA:51,0
DA:79,0
DA:80,0
DA:81,0
DA:90,0
DA:92,0
DA:97,0
DA:98,0
DA:100,0
DA:101,0
DA:106,0
DA:117,0
DA:129,0
DA:132,0
DA:133,0
DA:168,0
DA:182,0
DA:190,0
DA:197,0
DA:209,0
DA:219,0
DA:237,0
DA:251,1
DA:252,0
DA:262,1
DA:263,0
LF:47
LH:3
BRDA:23,0,0,0
BRDA:23,0,1,0
BRDA:23,1,0,0
BRDA:23,1,1,0
BRDA:37,2,0,0
BRDA:37,2,1,0
BRDA:80,3,0,0
BRDA:80,3,1,0
BRDA:80,4,0,0
BRDA:80,4,1,0
BRDA:114,5,0,0
BRDA:114,5,1,0
BRDA:124,6,0,0
BRDA:124,6,1,0
BRDA:152,7,0,0
BRDA:152,7,1,0
BRDA:153,8,0,0
BRDA:153,8,1,0
BRDA:163,9,0,0
BRDA:163,9,1,0
BRF:20
BRH:0
end_of_record
