TN:
SF:src\App.js
FN:9,App
FNF:1
FNH:1
FNDA:2,App
DA:10,2
LF:1
LH:1
BRF:0
BRH:0
end_of_record
TN:
SF:src\authConfig.js
FN:15,(anonymous_0)
FNF:1
FNH:1
FNDA:6,(anonymous_0)
DA:3,5
DA:16,6
DA:17,5
DA:19,1
DA:20,1
DA:22,1
DA:23,1
DA:25,1
DA:26,1
DA:28,1
DA:29,1
DA:31,1
DA:39,5
DA:44,5
LF:14
LH:14
BRDA:16,0,0,1
BRDA:16,0,1,5
BRDA:17,1,0,1
BRDA:17,1,1,1
BRDA:17,1,2,1
BRDA:17,1,3,1
BRDA:17,1,4,1
BRF:7
BRH:7
end_of_record
TN:
SF:src\components\Modal.jsx
FN:6,(anonymous_0)
FN:7,(anonymous_1)
FN:9,(anonymous_2)
FN:38,(anonymous_3)
FNF:4
FNH:4
FNDA:9,(anonymous_0)
FNDA:9,(anonymous_1)
FNDA:9,(anonymous_2)
FNDA:1,(anonymous_3)
DA:6,5
DA:7,9
DA:8,9
DA:9,9
DA:10,9
DA:14,9
DA:16,1
DA:31,5
DA:38,5
DA:39,1
DA:48,5
LF:11
LH:11
BRDA:8,0,0,1
BRDA:8,0,1,8
BRDA:14,1,0,8
BRDA:14,1,1,1
BRF:4
BRH:4
end_of_record
TN:
SF:src\components\ProtectedRoute.jsx
FN:7,(anonymous_0)
FNF:1
FNH:1
FNDA:1,(anonymous_0)
DA:7,2
DA:8,1
DA:9,1
DA:10,0
DA:12,1
DA:15,2
LF:6
LH:5
BRDA:9,0,0,0
BRDA:9,0,1,1
BRF:2
BRH:1
end_of_record
TN:
SF:src\components\LandingPage\Landing.js
FNF:0
FNH:0
LF:0
LH:0
BRF:0
BRH:0
end_of_record
TN:
SF:src\components\LandingPage\Landing.jsx
FN:11,(anonymous_0)
FN:16,(anonymous_1)
FN:17,(anonymous_2)
FN:19,(anonymous_3)
FNF:4
FNH:3
FNDA:8,(anonymous_0)
FNDA:1,(anonymous_1)
FNDA:0,(anonymous_2)
FNDA:4,(anonymous_3)
DA:11,4
DA:12,8
DA:13,8
DA:14,8
DA:16,8
DA:17,8
DA:19,8
DA:20,4
DA:21,4
DA:22,1
DA:23,1
DA:25,3
DA:26,3
DA:27,3
DA:28,2
DA:29,1
DA:30,1
DA:32,1
DA:35,1
DA:39,8
LF:20
LH:20
BRDA:21,0,0,1
BRDA:21,0,1,3
BRDA:28,1,0,1
BRDA:28,1,1,1
BRF:4
BRH:4
end_of_record
TN:
SF:src\components\Lobby\Lobby.js
FNF:0
FNH:0
LF:0
LH:0
BRF:0
BRH:0
end_of_record
TN:
SF:src\components\Lobby\Lobby.jsx
FN:9,(anonymous_0)
FN:25,(anonymous_1)
FN:60,(anonymous_2)
FN:66,(anonymous_3)
FN:70,(anonymous_4)
FN:75,(anonymous_5)
FN:109,(anonymous_6)
FN:140,(anonymous_7)
FN:152,(anonymous_8)
FN:157,(anonymous_9)
FN:182,(anonymous_10)
FN:200,(anonymous_11)
FN:206,(anonymous_12)
FN:216,(anonymous_13)
FN:220,(anonymous_14)
FN:221,(anonymous_15)
FN:256,(anonymous_16)
FN:270,(anonymous_17)
FN:278,(anonymous_18)
FN:285,(anonymous_19)
FN:297,(anonymous_20)
FN:307,(anonymous_21)
FN:321,(anonymous_22)
FN:337,(anonymous_23)
FN:343,(anonymous_24)
FNF:25
FNH:0
FNDA:0,(anonymous_0)
FNDA:0,(anonymous_1)
FNDA:0,(anonymous_2)
FNDA:0,(anonymous_3)
FNDA:0,(anonymous_4)
FNDA:0,(anonymous_5)
FNDA:0,(anonymous_6)
FNDA:0,(anonymous_7)
FNDA:0,(anonymous_8)
FNDA:0,(anonymous_9)
FNDA:0,(anonymous_10)
FNDA:0,(anonymous_11)
FNDA:0,(anonymous_12)
FNDA:0,(anonymous_13)
FNDA:0,(anonymous_14)
FNDA:0,(anonymous_15)
FNDA:0,(anonymous_16)
FNDA:0,(anonymous_17)
FNDA:0,(anonymous_18)
FNDA:0,(anonymous_19)
FNDA:0,(anonymous_20)
FNDA:0,(anonymous_21)
FNDA:0,(anonymous_22)
FNDA:0,(anonymous_23)
FNDA:0,(anonymous_24)
DA:9,1
DA:10,0
DA:11,0
DA:12,0
DA:13,0
DA:14,0
DA:15,0
DA:16,0
DA:17,0
DA:18,0
DA:19,0
DA:20,0
DA:22,0
DA:25,0
DA:26,0
DA:28,0
DA:29,0
DA:34,0
DA:40,0
DA:41,0
DA:42,0
DA:45,0
DA:46,0
DA:47,0
DA:48,0
DA:49,0
DA:51,0
DA:54,0
DA:60,0
DA:61,0
DA:63,0
DA:64,0
DA:66,0
DA:67,0
DA:70,0
DA:75,0
DA:77,0
DA:82,0
DA:109,0
DA:110,0
DA:112,0
DA:124,0
DA:127,0
DA:130,0
DA:133,0
DA:134,0
DA:135,0
DA:136,0
DA:137,0
DA:140,0
DA:141,0
DA:144,0
DA:147,0
DA:152,0
DA:153,0
DA:157,0
DA:158,0
DA:162,0
DA:163,0
DA:172,0
DA:182,0
DA:201,0
DA:206,0
DA:217,0
DA:220,0
DA:221,0
DA:256,0
DA:270,0
DA:278,0
DA:285,0
DA:297,0
DA:307,0
DA:321,1
DA:322,0
DA:337,1
DA:338,0
DA:344,0
DA:345,0
LF:78
LH:3
BRDA:26,0,0,0
BRDA:26,0,1,0
BRDA:26,1,0,0
BRDA:26,1,1,0
BRDA:26,1,2,0
BRDA:41,2,0,0
BRDA:41,2,1,0
BRDA:45,3,0,0
BRDA:45,3,1,0
BRDA:61,4,0,0
BRDA:61,4,1,0
BRDA:63,5,0,0
BRDA:63,5,1,0
BRDA:63,6,0,0
BRDA:63,6,1,0
BRDA:110,7,0,0
BRDA:110,7,1,0
BRDA:110,8,0,0
BRDA:110,8,1,0
BRDA:162,9,0,0
BRDA:162,9,1,0
BRDA:189,10,0,0
BRDA:189,10,1,0
BRDA:196,11,0,0
BRDA:196,11,1,0
BRDA:240,12,0,0
BRDA:240,12,1,0
BRDA:241,13,0,0
BRDA:241,13,1,0
BRDA:251,14,0,0
BRDA:251,14,1,0
BRDA:337,15,0,0
BRDA:344,16,0,0
BRDA:344,16,1,0
BRDA:344,17,0,0
BRDA:344,17,1,0
BRF:36
BRH:0
end_of_record
TN:
SF:src\components\Lobby\LobbyFullScreenView.js
FNF:0
FNH:0
LF:0
LH:0
BRF:0
BRH:0
end_of_record
TN:
SF:src\components\Lobby\LobbyFullScreenView.jsx
FN:5,(anonymous_0)
FN:9,(anonymous_1)
FN:71,(anonymous_2)
FN:98,(anonymous_3)
FNF:4
FNH:0
FNDA:0,(anonymous_0)
FNDA:0,(anonymous_1)
FNDA:0,(anonymous_2)
FNDA:0,(anonymous_3)
DA:5,1
DA:6,0
DA:9,0
DA:12,0
DA:23,0
DA:72,0
DA:99,0
LF:7
LH:1
BRDA:74,0,0,0
BRDA:74,0,1,0
BRDA:84,1,0,0
BRDA:84,1,1,0
BRDA:87,2,0,0
BRDA:87,2,1,0
BRF:6
BRH:0
end_of_record
